<?xml version="1.0" encoding="UTF-8"?>
<!-- Generated by org.testng.reporters.JUnitXMLReporter -->
<testsuite ignored="4" hostname="DESKTOP-JIECLUC" failures="0" tests="1" name="Default test" time="10.626" errors="0" timestamp="2024-09-21T19:57:19 IST">
  <testcase classname="tests.Table_Test" name="getPerson_Salary" time="1.403"/>
  <testcase classname="tests.Table_Test" name="get_TableValues" time="0.0">
    <ignored/>
  </testcase> <!-- get_TableValues -->
  <testcase classname="tests.Table_Test" name="get_AllPerson_Names" time="0.0">
    <ignored/>
  </testcase> <!-- get_AllPerson_Names -->
  <testcase classname="tests.Table_Test" name="getPerson_Name" time="0.0">
    <ignored/>
  </testcase> <!-- getPerson_Name -->
  <testcase classname="tests.Table_Test" name="verifyTableMenu" time="0.0">
    <ignored/>
  </testcase> <!-- verifyTableMenu -->
</testsuite> <!-- Default test -->
