<?xml version="1.0" encoding="UTF-8"?>
<testng-results ignored="0" total="1" passed="1" failed="0" skipped="0">
  <reporter-output>
  </reporter-output>
  <suite started-at="2024-09-21T19:57:08 IST" name="Default suite" finished-at="2024-09-21T19:57:19 IST" duration-ms="10626">
    <groups>
    </groups>
    <test started-at="2024-09-21T19:57:08 IST" name="Default test" finished-at="2024-09-21T19:57:19 IST" duration-ms="10626">
      <class name="tests.Table_Test">
        <test-method is-config="true" signature="launchBrowser()[pri:0, instance:tests.Table_Test@1a6d8329]" started-at="2024-09-21T19:57:08 IST" name="launchBrowser" finished-at="2024-09-21T19:57:17 IST" duration-ms="8744" status="PASS">
          <reporter-output>
          </reporter-output>
        </test-method> <!-- launchBrowser -->
        <test-method signature="getPerson_Salary()[pri:0, instance:tests.Table_Test@1a6d8329]" started-at="2024-09-21T19:57:17 IST" name="getPerson_Salary" finished-at="2024-09-21T19:57:18 IST" duration-ms="1403" status="PASS">
          <reporter-output>
          </reporter-output>
        </test-method> <!-- getPerson_Salary -->
        <test-method is-config="true" signature="closeWindow()[pri:0, instance:tests.Table_Test@1a6d8329]" started-at="2024-09-21T19:57:18 IST" name="closeWindow" finished-at="2024-09-21T19:57:19 IST" duration-ms="421" status="PASS">
          <reporter-output>
          </reporter-output>
        </test-method> <!-- closeWindow -->
      </class> <!-- tests.Table_Test -->
    </test> <!-- Default test -->
  </suite> <!-- Default suite -->
</testng-results>
